C:\Users\user\Desktop\ip\voip\code\H.323\Debug\H.323.exe
C:\Users\user\Desktop\ip\voip\code\H.323\Debug\H.323.ilk
C:\Users\user\Desktop\ip\voip\code\H.323\Debug\H.323.pdb
C:\Users\user\Desktop\ip\voip\code\H.323\H.323\Debug\cl.command.1.tlog
C:\Users\user\Desktop\ip\voip\code\H.323\H.323\Debug\CL.read.1.tlog
C:\Users\user\Desktop\ip\voip\code\H.323\H.323\Debug\CL.write.1.tlog
C:\Users\user\Desktop\ip\voip\code\H.323\H.323\Debug\H.323.exe.intermediate.manifest
C:\Users\user\Desktop\ip\voip\code\H.323\H.323\Debug\h.323.obj
C:\Users\user\Desktop\ip\voip\code\H.323\H.323\Debug\H.323.write.1.tlog
C:\Users\user\Desktop\ip\voip\code\H.323\H.323\Debug\link.command.1.tlog
C:\Users\user\Desktop\ip\voip\code\H.323\H.323\Debug\link.read.1.tlog
C:\Users\user\Desktop\ip\voip\code\H.323\H.323\Debug\link.write.1.tlog
C:\Users\user\Desktop\ip\voip\code\H.323\H.323\Debug\mt.command.1.tlog
C:\Users\user\Desktop\ip\voip\code\H.323\H.323\Debug\mt.read.1.tlog
C:\Users\user\Desktop\ip\voip\code\H.323\H.323\Debug\mt.write.1.tlog
C:\Users\user\Desktop\ip\voip\code\H.323\H.323\Debug\vc100.idb
C:\Users\user\Desktop\ip\voip\code\H.323\H.323\Debug\vc100.pdb
E:\H.323\DEBUG\H.323.EXE
E:\H.323\DEBUG\H.323.ILK
E:\H.323\DEBUG\H.323.PDB
E:\H.323\H.323\DEBUG\H.323.EXE.INTERMEDIATE.MANIFEST
E:\H.323\H.323\DEBUG\H.323.OBJ
E:\H.323\H.323\DEBUG\VC100.PDB
